0 info it worked if it ends with ok
1 verbose cli [ 'D:\\Program Files (x86)\\nodejs\\4.2.3\\node.exe',
1 verbose cli   'D:\\Program Files (x86)\\npm\\3.5.1\\node_modules\\npm\\bin\\npm-cli.js',
1 verbose cli   'start' ]
2 info using npm@3.5.1
3 info using node@v4.2.3
4 verbose run-script [ 'prestart', 'start', 'poststart' ]
5 info lifecycle Immortality@0.8.0~prestart: Immortality@0.8.0
6 silly lifecycle Immortality@0.8.0~prestart: no script for prestart, continuing
7 info lifecycle Immortality@0.8.0~start: Immortality@0.8.0
8 verbose lifecycle Immortality@0.8.0~start: unsafe-perm in lifecycle true
9 verbose lifecycle Immortality@0.8.0~start: PATH: c:\Program Files (x86)\npm\3.5.1\node_modules\npm\bin\node-gyp-bin;D:\home\site\wwwroot\node_modules\.bin;D:\home\site\deployments\tools;C:\Program Files (x86)\SiteExtensions\Kudu\55.50610.2267\bin\Scripts;D:\Program Files (x86)\MSBuild\14.0\Bin;D:\Program Files (x86)\Git\cmd;D:\Program Files (x86)\Microsoft Visual Studio 11.0\Common7\IDE\CommonExtensions\Microsoft\TestWindow;D:\Program Files (x86)\Microsoft SQL Server\110\Tools\Binn;D:\Program Files (x86)\Microsoft SDKs\F#\3.1\Framework\v4.0;D:\Program Files (x86)\Git\bin;D:\Program Files (x86)\Git\usr\bin;D:\Program Files (x86)\npm\3.5.1;C:\DWASFiles\Sites\#1immortality-life\AppData\npm;D:\Program Files (x86)\bower\1.3.12;D:\Program Files (x86)\grunt\0.1.13;D:\Program Files (x86)\gulp\3.9.0.1;D:\Program Files (x86)\nodejs\4.2.3;D:\Windows\system32;D:\Windows;D:\Windows\System32\Wbem;D:\Windows\System32\WindowsPowerShell\v1.0\;D:\Program Files\Microsoft Network Monitor 3\;D:\Users\Administrator\AppData\Roaming\npm;D:\Program Files (x86)\nodejs\;d:\Program Files (x86)\Microsoft ASP.NET\ASP.NET Web Pages\v1.0\;E:\base\x64;E:\base\x86;D:\Packages\GuestAgent\GuestAgent\LegacyRuntime\x64;D:\Packages\GuestAgent\GuestAgent\LegacyRuntime\x86;D:\Program Files (x86)\Mercurial\;E:\base\x64;E:\base\x86;D:\Packages\GuestAgent\GuestAgent\LegacyRuntime\x64;D:\Packages\GuestAgent\GuestAgent\LegacyRuntime\x86;D:\Program Files (x86)\dotnet;D:\Program Files (x86)\PHP\v5.4;D:\Python27;
10 verbose lifecycle Immortality@0.8.0~start: CWD: D:\home\site\wwwroot
11 silly lifecycle Immortality@0.8.0~start: Args: [ '/d /s /c', 'DEBUG=express:* node app.js' ]
12 silly lifecycle Immortality@0.8.0~start: Returned: code: 1  signal: null
13 info lifecycle Immortality@0.8.0~start: Failed to exec start script
14 verbose stack Error: Immortality@0.8.0 start: `DEBUG=express:* node app.js`
14 verbose stack Exit status 1
14 verbose stack     at EventEmitter.<anonymous> (c:\Program Files (x86)\npm\3.5.1\node_modules\npm\lib\utils\lifecycle.js:232:16)
14 verbose stack     at emitTwo (events.js:87:13)
14 verbose stack     at EventEmitter.emit (events.js:172:7)
14 verbose stack     at ChildProcess.<anonymous> (c:\Program Files (x86)\npm\3.5.1\node_modules\npm\lib\utils\spawn.js:24:14)
14 verbose stack     at emitTwo (events.js:87:13)
14 verbose stack     at ChildProcess.emit (events.js:172:7)
14 verbose stack     at maybeClose (internal/child_process.js:818:16)
14 verbose stack     at Process.ChildProcess._handle.onexit (internal/child_process.js:211:5)
15 verbose pkgid Immortality@0.8.0
16 verbose cwd D:\home\site\wwwroot
17 error Windows_NT 6.2.9200
18 error argv "D:\\Program Files (x86)\\nodejs\\4.2.3\\node.exe" "D:\\Program Files (x86)\\npm\\3.5.1\\node_modules\\npm\\bin\\npm-cli.js" "start"
19 error node v4.2.3
20 error npm  v3.5.1
21 error code ELIFECYCLE
22 error Immortality@0.8.0 start: `DEBUG=express:* node app.js`
22 error Exit status 1
23 error Failed at the Immortality@0.8.0 start script 'DEBUG=express:* node app.js'.
23 error Make sure you have the latest version of node.js and npm installed.
23 error If you do, this is most likely a problem with the Immortality package,
23 error not with npm itself.
23 error Tell the author that this fails on your system:
23 error     DEBUG=express:* node app.js
23 error You can get information on how to open an issue for this project with:
23 error     npm bugs Immortality
23 error Or if that isn't available, you can get their info via:
23 error     npm owner ls Immortality
23 error There is likely additional logging output above.
24 verbose exit [ 1, true ]
